{"uid":"d3c712dc8c64809c","name":"selectAndRemoveThreeProductsFromCart","fullName":"com.globant.tests.RemoveProductsFromCartTest.selectAndRemoveThreeProductsFromCart","historyId":"da48ff84b49be56846d2c2d87c4d4eb8","time":{"start":1726691723072,"stop":1726691723073,"duration":1},"status":"skipped","statusMessage":"java.util.concurrent.TimeoutException\nBuild info: version: '4.23.1', revision: '656257d8e9'\nSystem info: os.name: 'Linux', os.arch: 'amd64', os.version: '6.8.0-1014-azure', java.version: '17.0.12'\nDriver info: org.openqa.selenium.chrome.ChromeDriver\nCommand: [451e781a0aa9d62c2e9d8a88f505c425, get {url=https://www.saucedemo.com/}]\nCapabilities {acceptInsecureCerts: false, browserName: chrome, browserVersion: 128.0.6613.137, chrome: {chromedriverVersion: 128.0.6613.137 (fe621c5aa2d..., userDataDir: /tmp/.org.chromium.Chromium...}, fedcm:accounts: true, goog:chromeOptions: {debuggerAddress: localhost:43113}, networkConnectionEnabled: false, pageLoadStrategy: normal, platformName: linux, proxy: Proxy(), se:cdp: ws://localhost:43113/devtoo..., se:cdpVersion: 128.0.6613.137, setWindowRect: true, strictFileInteractability: false, timeouts: {implicit: 0, pageLoad: 300000, script: 30000}, unhandledPromptBehavior: dismiss and notify, webauthn:extension:credBlob: true, webauthn:extension:largeBlob: true, webauthn:extension:minPinLength: true, webauthn:extension:prf: true, webauthn:virtualAuthenticators: true}\nSession ID: 451e781a0aa9d62c2e9d8a88f505c425","statusTrace":"org.openqa.selenium.TimeoutException: java.util.concurrent.TimeoutException\nBuild info: version: '4.23.1', revision: '656257d8e9'\nSystem info: os.name: 'Linux', os.arch: 'amd64', os.version: '6.8.0-1014-azure', java.version: '17.0.12'\nDriver info: org.openqa.selenium.chrome.ChromeDriver\nCommand: [451e781a0aa9d62c2e9d8a88f505c425, get {url=https://www.saucedemo.com/}]\nCapabilities {acceptInsecureCerts: false, browserName: chrome, browserVersion: 128.0.6613.137, chrome: {chromedriverVersion: 128.0.6613.137 (fe621c5aa2d..., userDataDir: /tmp/.org.chromium.Chromium...}, fedcm:accounts: true, goog:chromeOptions: {debuggerAddress: localhost:43113}, networkConnectionEnabled: false, pageLoadStrategy: normal, platformName: linux, proxy: Proxy(), se:cdp: ws://localhost:43113/devtoo..., se:cdpVersion: 128.0.6613.137, setWindowRect: true, strictFileInteractability: false, timeouts: {implicit: 0, pageLoad: 300000, script: 30000}, unhandledPromptBehavior: dismiss and notify, webauthn:extension:credBlob: true, webauthn:extension:largeBlob: true, webauthn:extension:minPinLength: true, webauthn:extension:prf: true, webauthn:virtualAuthenticators: true}\nSession ID: 451e781a0aa9d62c2e9d8a88f505c425\n\tat org.openqa.selenium.remote.http.jdk.JdkHttpClient.execute0(JdkHttpClient.java:418)\n\tat org.openqa.selenium.remote.http.AddSeleniumUserAgent.lambda$apply$0(AddSeleniumUserAgent.java:42)\n\tat org.openqa.selenium.remote.http.Filter.lambda$andFinally$1(Filter.java:55)\n\tat org.openqa.selenium.remote.http.jdk.JdkHttpClient.execute(JdkHttpClient.java:374)\n\tat org.openqa.selenium.remote.HttpCommandExecutor.execute(HttpCommandExecutor.java:187)\n\tat org.openqa.selenium.remote.service.DriverCommandExecutor.invokeExecute(DriverCommandExecutor.java:216)\n\tat org.openqa.selenium.remote.service.DriverCommandExecutor.execute(DriverCommandExecutor.java:174)\n\tat org.openqa.selenium.remote.RemoteWebDriver.execute(RemoteWebDriver.java:545)\n\tat org.openqa.selenium.remote.RemoteWebDriver.get(RemoteWebDriver.java:313)\n\tat org.openqa.selenium.remote.RemoteWebDriver$RemoteNavigation.to(RemoteWebDriver.java:1090)\n\tat com.globant.utils.test.BaseTest.setupDriver(BaseTest.java:37)\n\tat java.base/jdk.internal.reflect.NativeMethodAccessorImpl.invoke0(Native Method)\n\tat java.base/jdk.internal.reflect.NativeMethodAccessorImpl.invoke(NativeMethodAccessorImpl.java:77)\n\tat java.base/jdk.internal.reflect.DelegatingMethodAccessorImpl.invoke(DelegatingMethodAccessorImpl.java:43)\n\tat java.base/java.lang.reflect.Method.invoke(Method.java:569)\n\tat org.testng.internal.invokers.MethodInvocationHelper.invokeMethod(MethodInvocationHelper.java:141)\n\tat org.testng.internal.invokers.MethodInvocationHelper.invokeMethodConsideringTimeout(MethodInvocationHelper.java:71)\n\tat org.testng.internal.invokers.ConfigInvoker.invokeConfigurationMethod(ConfigInvoker.java:400)\n\tat org.testng.internal.invokers.ConfigInvoker.invokeConfigurations(ConfigInvoker.java:333)\n\tat org.testng.TestRunner.invokeTestConfigurations(TestRunner.java:655)\n\tat org.testng.TestRunner.beforeRun(TestRunner.java:644)\n\tat org.testng.TestRunner.run(TestRunner.java:610)\n\tat org.testng.SuiteRunner.runTest(SuiteRunner.java:421)\n\tat org.testng.SuiteRunner.runSequentially(SuiteRunner.java:413)\n\tat org.testng.SuiteRunner.privateRun(SuiteRunner.java:373)\n\tat org.testng.SuiteRunner.run(SuiteRunner.java:312)\n\tat org.testng.SuiteRunnerWorker.runSuite(SuiteRunnerWorker.java:52)\n\tat org.testng.SuiteRunnerWorker.run(SuiteRunnerWorker.java:95)\n\tat org.testng.TestNG.runSuitesSequentially(TestNG.java:1274)\n\tat org.testng.TestNG.runSuitesLocally(TestNG.java:1208)\n\tat org.testng.TestNG.runSuites(TestNG.java:1112)\n\tat org.testng.TestNG.run(TestNG.java:1079)\n\tat org.apache.maven.surefire.testng.TestNGExecutor.run(TestNGExecutor.java:308)\n\tat org.apache.maven.surefire.testng.TestNGXmlTestSuite.execute(TestNGXmlTestSuite.java:71)\n\tat org.apache.maven.surefire.testng.TestNGProvider.invoke(TestNGProvider.java:113)\n\tat org.apache.maven.surefire.booter.ForkedBooter.runSuitesInProcess(ForkedBooter.java:385)\n\tat org.apache.maven.surefire.booter.ForkedBooter.execute(ForkedBooter.java:162)\n\tat org.apache.maven.surefire.booter.ForkedBooter.run(ForkedBooter.java:507)\n\tat org.apache.maven.surefire.booter.ForkedBooter.main(ForkedBooter.java:495)\nCaused by: java.util.concurrent.TimeoutException\n\tat java.base/java.util.concurrent.CompletableFuture.timedGet(CompletableFuture.java:1960)\n\tat java.base/java.util.concurrent.CompletableFuture.get(CompletableFuture.java:2095)\n\tat org.openqa.selenium.remote.http.jdk.JdkHttpClient.execute0(JdkHttpClient.java:401)\n\t... 38 more\n","flaky":false,"newFailed":false,"newBroken":false,"newPassed":false,"retriesCount":0,"retriesStatusChange":false,"beforeStages":[{"name":"setupDriver","time":{"start":1726691501378,"stop":1726691722969,"duration":221591},"description":"","status":"broken","statusMessage":"java.util.concurrent.TimeoutException\nBuild info: version: '4.23.1', revision: '656257d8e9'\nSystem info: os.name: 'Linux', os.arch: 'amd64', os.version: '6.8.0-1014-azure', java.version: '17.0.12'\nDriver info: org.openqa.selenium.chrome.ChromeDriver\nCommand: [451e781a0aa9d62c2e9d8a88f505c425, get {url=https://www.saucedemo.com/}]\nCapabilities {acceptInsecureCerts: false, browserName: chrome, browserVersion: 128.0.6613.137, chrome: {chromedriverVersion: 128.0.6613.137 (fe621c5aa2d..., userDataDir: /tmp/.org.chromium.Chromium...}, fedcm:accounts: true, goog:chromeOptions: {debuggerAddress: localhost:43113}, networkConnectionEnabled: false, pageLoadStrategy: normal, platformName: linux, proxy: Proxy(), se:cdp: ws://localhost:43113/devtoo..., se:cdpVersion: 128.0.6613.137, setWindowRect: true, strictFileInteractability: false, timeouts: {implicit: 0, pageLoad: 300000, script: 30000}, unhandledPromptBehavior: dismiss and notify, webauthn:extension:credBlob: true, webauthn:extension:largeBlob: true, webauthn:extension:minPinLength: true, webauthn:extension:prf: true, webauthn:virtualAuthenticators: true}\nSession ID: 451e781a0aa9d62c2e9d8a88f505c425","statusTrace":"org.openqa.selenium.TimeoutException: java.util.concurrent.TimeoutException\nBuild info: version: '4.23.1', revision: '656257d8e9'\nSystem info: os.name: 'Linux', os.arch: 'amd64', os.version: '6.8.0-1014-azure', java.version: '17.0.12'\nDriver info: org.openqa.selenium.chrome.ChromeDriver\nCommand: [451e781a0aa9d62c2e9d8a88f505c425, get {url=https://www.saucedemo.com/}]\nCapabilities {acceptInsecureCerts: false, browserName: chrome, browserVersion: 128.0.6613.137, chrome: {chromedriverVersion: 128.0.6613.137 (fe621c5aa2d..., userDataDir: /tmp/.org.chromium.Chromium...}, fedcm:accounts: true, goog:chromeOptions: {debuggerAddress: localhost:43113}, networkConnectionEnabled: false, pageLoadStrategy: normal, platformName: linux, proxy: Proxy(), se:cdp: ws://localhost:43113/devtoo..., se:cdpVersion: 128.0.6613.137, setWindowRect: true, strictFileInteractability: false, timeouts: {implicit: 0, pageLoad: 300000, script: 30000}, unhandledPromptBehavior: dismiss and notify, webauthn:extension:credBlob: true, webauthn:extension:largeBlob: true, webauthn:extension:minPinLength: true, webauthn:extension:prf: true, webauthn:virtualAuthenticators: true}\nSession ID: 451e781a0aa9d62c2e9d8a88f505c425\n\tat org.openqa.selenium.remote.http.jdk.JdkHttpClient.execute0(JdkHttpClient.java:418)\n\tat org.openqa.selenium.remote.http.AddSeleniumUserAgent.lambda$apply$0(AddSeleniumUserAgent.java:42)\n\tat org.openqa.selenium.remote.http.Filter.lambda$andFinally$1(Filter.java:55)\n\tat org.openqa.selenium.remote.http.jdk.JdkHttpClient.execute(JdkHttpClient.java:374)\n\tat org.openqa.selenium.remote.HttpCommandExecutor.execute(HttpCommandExecutor.java:187)\n\tat org.openqa.selenium.remote.service.DriverCommandExecutor.invokeExecute(DriverCommandExecutor.java:216)\n\tat org.openqa.selenium.remote.service.DriverCommandExecutor.execute(DriverCommandExecutor.java:174)\n\tat org.openqa.selenium.remote.RemoteWebDriver.execute(RemoteWebDriver.java:545)\n\tat org.openqa.selenium.remote.RemoteWebDriver.get(RemoteWebDriver.java:313)\n\tat org.openqa.selenium.remote.RemoteWebDriver$RemoteNavigation.to(RemoteWebDriver.java:1090)\n\tat com.globant.utils.test.BaseTest.setupDriver(BaseTest.java:37)\n\tat java.base/jdk.internal.reflect.NativeMethodAccessorImpl.invoke0(Native Method)\n\tat java.base/jdk.internal.reflect.NativeMethodAccessorImpl.invoke(NativeMethodAccessorImpl.java:77)\n\tat java.base/jdk.internal.reflect.DelegatingMethodAccessorImpl.invoke(DelegatingMethodAccessorImpl.java:43)\n\tat java.base/java.lang.reflect.Method.invoke(Method.java:569)\n\tat org.testng.internal.invokers.MethodInvocationHelper.invokeMethod(MethodInvocationHelper.java:141)\n\tat org.testng.internal.invokers.MethodInvocationHelper.invokeMethodConsideringTimeout(MethodInvocationHelper.java:71)\n\tat org.testng.internal.invokers.ConfigInvoker.invokeConfigurationMethod(ConfigInvoker.java:400)\n\tat org.testng.internal.invokers.ConfigInvoker.invokeConfigurations(ConfigInvoker.java:333)\n\tat org.testng.TestRunner.invokeTestConfigurations(TestRunner.java:655)\n\tat org.testng.TestRunner.beforeRun(TestRunner.java:644)\n\tat org.testng.TestRunner.run(TestRunner.java:610)\n\tat org.testng.SuiteRunner.runTest(SuiteRunner.java:421)\n\tat org.testng.SuiteRunner.runSequentially(SuiteRunner.java:413)\n\tat org.testng.SuiteRunner.privateRun(SuiteRunner.java:373)\n\tat org.testng.SuiteRunner.run(SuiteRunner.java:312)\n\tat org.testng.SuiteRunnerWorker.runSuite(SuiteRunnerWorker.java:52)\n\tat org.testng.SuiteRunnerWorker.run(SuiteRunnerWorker.java:95)\n\tat org.testng.TestNG.runSuitesSequentially(TestNG.java:1274)\n\tat org.testng.TestNG.runSuitesLocally(TestNG.java:1208)\n\tat org.testng.TestNG.runSuites(TestNG.java:1112)\n\tat org.testng.TestNG.run(TestNG.java:1079)\n\tat org.apache.maven.surefire.testng.TestNGExecutor.run(TestNGExecutor.java:308)\n\tat org.apache.maven.surefire.testng.TestNGXmlTestSuite.execute(TestNGXmlTestSuite.java:71)\n\tat org.apache.maven.surefire.testng.TestNGProvider.invoke(TestNGProvider.java:113)\n\tat org.apache.maven.surefire.booter.ForkedBooter.runSuitesInProcess(ForkedBooter.java:385)\n\tat org.apache.maven.surefire.booter.ForkedBooter.execute(ForkedBooter.java:162)\n\tat org.apache.maven.surefire.booter.ForkedBooter.run(ForkedBooter.java:507)\n\tat org.apache.maven.surefire.booter.ForkedBooter.main(ForkedBooter.java:495)\nCaused by: java.util.concurrent.TimeoutException\n\tat java.base/java.util.concurrent.CompletableFuture.timedGet(CompletableFuture.java:1960)\n\tat java.base/java.util.concurrent.CompletableFuture.get(CompletableFuture.java:2095)\n\tat org.openqa.selenium.remote.http.jdk.JdkHttpClient.execute0(JdkHttpClient.java:401)\n\t... 38 more\n","steps":[],"attachments":[],"parameters":[],"shouldDisplayMessage":true,"stepsCount":0,"attachmentsCount":0,"hasContent":true,"attachmentStep":false},{"name":"setUp","time":{"start":1726691723054,"stop":1726691723054,"duration":0},"description":"","status":"broken","steps":[],"attachments":[],"parameters":[],"shouldDisplayMessage":false,"stepsCount":0,"attachmentsCount":0,"hasContent":false,"attachmentStep":false}],"afterStages":[{"name":"tearDown","time":{"start":1726691723078,"stop":1726691723078,"duration":0},"description":"","status":"broken","steps":[],"attachments":[],"parameters":[],"shouldDisplayMessage":false,"stepsCount":0,"attachmentsCount":0,"hasContent":false,"attachmentStep":false}],"labels":[{"name":"package","value":"com.globant.tests.RemoveProductsFromCartTest"},{"name":"testClass","value":"com.globant.tests.RemoveProductsFromCartTest"},{"name":"testMethod","value":"selectAndRemoveThreeProductsFromCart"},{"name":"parentSuite","value":"E2E Test Suite"},{"name":"suite","value":"remove_three_items_from_the_cat_test"},{"name":"subSuite","value":"com.globant.tests.RemoveProductsFromCartTest"},{"name":"host","value":"fv-az1110-219"},{"name":"thread","value":"2157@fv-az1110-219.main(1)"},{"name":"framework","value":"testng"},{"name":"language","value":"java"},{"name":"resultFormat","value":"allure2"}],"parameters":[{"name":"first_name","value":"Alejandro"},{"name":"password","value":"secret_sauce"},{"name":"url","value":"https://www.saucedemo.com/"},{"name":"user","value":"standard_user"}],"links":[],"hidden":false,"retry":false,"extra":{"severity":"normal","retries":[],"categories":[],"history":{"statistic":{"failed":0,"broken":0,"skipped":1,"passed":4,"unknown":0,"total":5},"items":[{"uid":"9a04931eb3a8e053","reportUrl":"https://Fajardo9.github.io/WebAutomationReloaded/53//#testresult/9a04931eb3a8e053","status":"passed","time":{"start":1726691435081,"stop":1726691435683,"duration":602}},{"uid":"983e2e909cd7c1a6","reportUrl":"https://Fajardo9.github.io/WebAutomationReloaded/52//#testresult/983e2e909cd7c1a6","status":"passed","time":{"start":1726691287399,"stop":1726691287982,"duration":583}},{"uid":"8cc5a8b4f69a2176","reportUrl":"https://Fajardo9.github.io/WebAutomationReloaded/51//#testresult/8cc5a8b4f69a2176","status":"passed","time":{"start":1726688023403,"stop":1726688024004,"duration":601}},{"uid":"dbec120318a54cb8","reportUrl":"https://Fajardo9.github.io/WebAutomationReloaded/49//#testresult/dbec120318a54cb8","status":"passed","time":{"start":1726687420449,"stop":1726687421030,"duration":581}}]},"tags":[]},"source":"d3c712dc8c64809c.json","parameterValues":["Alejandro","secret_sauce","https://www.saucedemo.com/","standard_user"]}